<?xml version="1.0" encoding="UTF-8"?>
<!-- Generated by org.testng.reporters.JUnitXMLReporter -->
<testsuite hostname="ShamatoMacBook-Air.local" name="TestFirefox" tests="1" failures="1" timestamp="30 Nov 2013 20:56:42 GMT" time="26.751" errors="0">
  <testcase name="addVideo" time="11.152" classname="org.shazhou.selenium.AddVideoTestFirefox">
    <failure type="org.openqa.selenium.NoSuchElementException" message="Unable to locate element: {&amp;quot;method&amp;quot;:&amp;quot;id&amp;quot;,&amp;quot;selector&amp;quot;:&amp;quot;wpWikiaVideoAddUrl&amp;quot;}
Command duration or timeout: 18 milliseconds
For documentation on this error, please visit: http://seleniumhq.org/exceptions/no_such_element.html
Build info: version: &amp;apos;2.37.0&amp;apos;, revision: &amp;apos;a7c61cb&amp;apos;, time: &amp;apos;2013-10-18 17:15:02&amp;apos;
System info: host: &amp;apos;ShamatoMacBook-Air.local&amp;apos;, ip: &amp;apos;10.0.1.2&amp;apos;, os.name: &amp;apos;Mac OS X&amp;apos;, os.arch: &amp;apos;x86_64&amp;apos;, os.version: &amp;apos;10.9&amp;apos;, java.version: &amp;apos;1.6.0_65&amp;apos;
Session ID: db520f5c-bf4a-bc41-9fae-51df20cab5fc
Driver info: org.openqa.selenium.firefox.FirefoxDriver
Capabilities [{platform=MAC, acceptSslCerts=true, javascriptEnabled=true, browserName=firefox, rotatable=false, locationContextEnabled=true, version=25.0.1, cssSelectorsEnabled=true, databaseEnabled=true, handlesAlerts=true, browserConnectionEnabled=true, nativeEvents=false, webStorageEnabled=true, applicationCacheEnabled=true, takesScreenshot=true}]">
      <![CDATA[org.openqa.selenium.NoSuchElementException: Unable to locate element: {"method":"id","selector":"wpWikiaVideoAddUrl"}
Command duration or timeout: 18 milliseconds
For documentation on this error, please visit: http://seleniumhq.org/exceptions/no_such_element.html
Build info: version: '2.37.0', revision: 'a7c61cb', time: '2013-10-18 17:15:02'
System info: host: 'ShamatoMacBook-Air.local', ip: '10.0.1.2', os.name: 'Mac OS X', os.arch: 'x86_64', os.version: '10.9', java.version: '1.6.0_65'
Session ID: db520f5c-bf4a-bc41-9fae-51df20cab5fc
Driver info: org.openqa.selenium.firefox.FirefoxDriver
Capabilities [{platform=MAC, acceptSslCerts=true, javascriptEnabled=true, browserName=firefox, rotatable=false, locationContextEnabled=true, version=25.0.1, cssSelectorsEnabled=true, databaseEnabled=true, handlesAlerts=true, browserConnectionEnabled=true, nativeEvents=false, webStorageEnabled=true, applicationCacheEnabled=true, takesScreenshot=true}]
	at org.openqa.selenium.remote.ErrorHandler.createThrowable(ErrorHandler.java:193)
	at org.openqa.selenium.remote.ErrorHandler.throwIfResponseFailed(ErrorHandler.java:145)
	at org.openqa.selenium.remote.RemoteWebDriver.execute(RemoteWebDriver.java:554)
	at org.openqa.selenium.remote.RemoteWebDriver.findElement(RemoteWebDriver.java:307)
	at org.openqa.selenium.remote.RemoteWebDriver.findElementById(RemoteWebDriver.java:348)
	at org.openqa.selenium.By$ById.findElement(By.java:220)
	at org.openqa.selenium.remote.RemoteWebDriver.findElement(RemoteWebDriver.java:299)
	at org.openqa.selenium.support.pagefactory.DefaultElementLocator.findElement(DefaultElementLocator.java:59)
	at org.openqa.selenium.support.pagefactory.internal.LocatingElementHandler.invoke(LocatingElementHandler.java:34)
	at com.sun.proxy.$Proxy9.sendKeys(Unknown Source)
	at org.shazhou.selenium.AddVideoPage.addVideo(AddVideoPage.java:23)
	at org.shazhou.selenium.AddVideoTestFirefox.addVideo(AddVideoTestFirefox.java:29)
Caused by: org.openqa.selenium.remote.ErrorHandler$UnknownServerException: Unable to locate element: {"method":"id","selector":"wpWikiaVideoAddUrl"}
Build info: version: '2.37.0', revision: 'a7c61cb', time: '2013-10-18 17:15:02'
System info: host: 'ShamatoMacBook-Air.local', ip: '10.0.1.2', os.name: 'Mac OS X', os.arch: 'x86_64', os.version: '10.9', java.version: '1.6.0_65'
Driver info: driver.version: unknown
	at <anonymous class>.FirefoxDriver.prototype.findElementInternal_(file:///var/folders/56/xd92hf1x22zfdv16sfm6w6c00000gn/T/anonymous4879318916405044620webdriver-profile/extensions/fxdriver@googlecode.com/components/driver_component.js:8891)
	at <anonymous class>.FirefoxDriver.prototype.findElement(file:///var/folders/56/xd92hf1x22zfdv16sfm6w6c00000gn/T/anonymous4879318916405044620webdriver-profile/extensions/fxdriver@googlecode.com/components/driver_component.js:8900)
	at <anonymous class>.DelayedCommand.prototype.executeInternal_/h(file:///var/folders/56/xd92hf1x22zfdv16sfm6w6c00000gn/T/anonymous4879318916405044620webdriver-profile/extensions/fxdriver@googlecode.com/components/command_processor.js:10844)
	at <anonymous class>.DelayedCommand.prototype.executeInternal_(file:///var/folders/56/xd92hf1x22zfdv16sfm6w6c00000gn/T/anonymous4879318916405044620webdriver-profile/extensions/fxdriver@googlecode.com/components/command_processor.js:10849)
	at <anonymous class>.DelayedCommand.prototype.execute/<(file:///var/folders/56/xd92hf1x22zfdv16sfm6w6c00000gn/T/anonymous4879318916405044620webdriver-profile/extensions/fxdriver@googlecode.com/components/command_processor.js:10791)
... Removed 28 stack frames]]>
    </failure>
  </testcase> <!-- addVideo -->
</testsuite> <!-- TestFirefox -->
