<?xml version="1.0" encoding="UTF-8"?>
<!-- Generated by org.testng.reporters.JUnitXMLReporter -->
<testsuite hostname="ShamatoMacBook-Air.local" name="TestChrome" tests="1" failures="0" timestamp="30 Nov 2013 01:22:36 GMT" time="0.178" errors="0">
  <testcase name="@BeforeTest setupSelenium" time="0.0" classname="org.shazhou.selenium.LoginTestChrome">
    <failure type="java.lang.IllegalStateException" message="The path to the driver executable must be set by the webdriver.chrome.driver system property; for more information, see http://code.google.com/p/selenium/wiki/ChromeDriver. The latest version can be downloaded from http://code.google.com/p/chromedriver/downloads/list">
      <![CDATA[java.lang.IllegalStateException: The path to the driver executable must be set by the webdriver.chrome.driver system property; for more information, see http://code.google.com/p/selenium/wiki/ChromeDriver. The latest version can be downloaded from http://code.google.com/p/chromedriver/downloads/list
	at com.google.common.base.Preconditions.checkState(Preconditions.java:177)
	at org.openqa.selenium.remote.service.DriverService.findExecutable(DriverService.java:105)
	at org.openqa.selenium.chrome.ChromeDriverService.createDefaultService(ChromeDriverService.java:75)
	at org.openqa.selenium.chrome.ChromeDriver.<init>(ChromeDriver.java:107)
	at org.shazhou.selenium.LoginTestChrome.setupSelenium(LoginTestChrome.java:15)
... Removed 22 stack frames]]>
    </failure>
  </testcase> <!-- @BeforeTest setupSelenium -->
  <testcase name="@AfterTest closeSelenium" time="0.0" classname="org.shazhou.selenium.LoginTestChrome">
    <skipped/>
  </testcase> <!-- @AfterTest closeSelenium -->
  <testcase name="login" time="0.0020" classname="org.shazhou.selenium.LoginTestChrome">
    <skipped/>
  </testcase> <!-- login -->
</testsuite> <!-- TestChrome -->
